# JRE version: OpenJDK Runtime Environment (8.0_275-b01) (build 1.8.0_275-b01)
# Java VM: OpenJDK 64-Bit Server VM (25.275-b01 mixed mode windows-amd64 compressed oops)
Heap:
 PSYoungGen      total 138240K, used 89172K [0x00000000f5580000, 0x00000000ffd00000, 0x0000000100000000)
  eden space 107008K, 76% used [0x00000000f5580000,0x00000000fa5d52c8,0x00000000fbe00000)
  from space 31232K, 22% used [0x00000000fde80000,0x00000000fe540000,0x00000000ffd00000)
  to   space 32256K, 0% used [0x00000000fbe00000,0x00000000fbe00000,0x00000000fdd80000)
 ParOldGen       total 184320K, used 130277K [0x00000000e0000000, 0x00000000eb400000, 0x00000000f5580000)
  object space 184320K, 70% used [0x00000000e0000000,0x00000000e7f394a0,0x00000000eb400000)
 Metaspace       used 69627K, capacity 74410K, committed 74624K, reserved 1114112K
  class space    used 9734K, capacity 10801K, committed 10880K, reserved 1048576K
GC Heap History (10 events):
Event: 26.793 GC heap before
{Heap before GC invocations=19 (full 3):
 PSYoungGen      total 138240K, used 109056K [0x00000000f5580000, 0x0000000100000000, 0x0000000100000000)
  eden space 101888K, 100% used [0x00000000f5580000,0x00000000fb900000,0x00000000fb900000)
  from space 36352K, 19% used [0x00000000fb900000,0x00000000fc000080,0x00000000fdc80000)
  to   space 36352K, 0% used [0x00000000fdc80000,0x00000000fdc80000,0x0000000100000000)
 ParOldGen       total 184320K, used 103812K [0x00000000e0000000, 0x00000000eb400000, 0x00000000f5580000)
  object space 184320K, 56% used [0x00000000e0000000,0x00000000e6561300,0x00000000eb400000)
 Metaspace       used 69519K, capacity 74290K, committed 74624K, reserved 1114112K
  class space    used 9721K, capacity 10765K, committed 10880K, reserved 1048576K
Event: 26.803 GC heap after
Heap after GC invocations=19 (full 3):
 PSYoungGen      total 137216K, used 7104K [0x00000000f5580000, 0x00000000fff00000, 0x0000000100000000)
  eden space 101888K, 0% used [0x00000000f5580000,0x00000000f5580000,0x00000000fb900000)
  from space 35328K, 20% used [0x00000000fdc80000,0x00000000fe3700a0,0x00000000fff00000)
  to   space 35840K, 0% used [0x00000000fb900000,0x00000000fb900000,0x00000000fdc00000)
 ParOldGen       total 184320K, used 108692K [0x00000000e0000000, 0x00000000eb400000, 0x00000000f5580000)
  object space 184320K, 58% used [0x00000000e0000000,0x00000000e6a25320,0x00000000eb400000)
 Metaspace       used 69519K, capacity 74290K, committed 74624K, reserved 1114112K
  class space    used 9721K, capacity 10765K, committed 10880K, reserved 1048576K
}
Event: 27.448 GC heap before
{Heap before GC invocations=20 (full 3):
 PSYoungGen      total 137216K, used 108992K [0x00000000f5580000, 0x00000000fff00000, 0x0000000100000000)
  eden space 101888K, 100% used [0x00000000f5580000,0x00000000fb900000,0x00000000fb900000)
  from space 35328K, 20% used [0x00000000fdc80000,0x00000000fe3700a0,0x00000000fff00000)
  to   space 35840K, 0% used [0x00000000fb900000,0x00000000fb900000,0x00000000fdc00000)
 ParOldGen       total 184320K, used 108692K [0x00000000e0000000, 0x00000000eb400000, 0x00000000f5580000)
  object space 184320K, 58% used [0x00000000e0000000,0x00000000e6a25320,0x00000000eb400000)
 Metaspace       used 69519K, capacity 74290K, committed 74624K, reserved 1114112K
  class space    used 9721K, capacity 10765K, committed 10880K, reserved 1048576K
Event: 27.458 GC heap after
Heap after GC invocations=20 (full 3):
 PSYoungGen      total 137728K, used 7072K [0x00000000f5580000, 0x00000000fff80000, 0x0000000100000000)
  eden space 101888K, 0% used [0x00000000f5580000,0x00000000f5580000,0x00000000fb900000)
  from space 35840K, 19% used [0x00000000fb900000,0x00000000fbfe8020,0x00000000fdc00000)
  to   space 35328K, 0% used [0x00000000fdd00000,0x00000000fdd00000,0x00000000fff80000)
 ParOldGen       total 184320K, used 113708K [0x00000000e0000000, 0x00000000eb400000, 0x00000000f5580000)
  object space 184320K, 61% used [0x00000000e0000000,0x00000000e6f0b3c0,0x00000000eb400000)
 Metaspace       used 69519K, capacity 74290K, committed 74624K, reserved 1114112K
  class space    used 9721K, capacity 10765K, committed 10880K, reserved 1048576K
}
Event: 28.048 GC heap before
{Heap before GC invocations=21 (full 3):
 PSYoungGen      total 137728K, used 108960K [0x00000000f5580000, 0x00000000fff80000, 0x0000000100000000)
  eden space 101888K, 100% used [0x00000000f5580000,0x00000000fb900000,0x00000000fb900000)
  from space 35840K, 19% used [0x00000000fb900000,0x00000000fbfe8020,0x00000000fdc00000)
  to   space 35328K, 0% used [0x00000000fdd00000,0x00000000fdd00000,0x00000000fff80000)
 ParOldGen       total 184320K, used 113708K [0x00000000e0000000, 0x00000000eb400000, 0x00000000f5580000)
  object space 184320K, 61% used [0x00000000e0000000,0x00000000e6f0b3c0,0x00000000eb400000)
 Metaspace       used 69519K, capacity 74290K, committed 74624K, reserved 1114112K
  class space    used 9721K, capacity 10765K, committed 10880K, reserved 1048576K
Event: 28.057 GC heap after
Heap after GC invocations=21 (full 3):
 PSYoungGen      total 136704K, used 7904K [0x00000000f5580000, 0x00000000ffd80000, 0x0000000100000000)
  eden space 103424K, 0% used [0x00000000f5580000,0x00000000f5580000,0x00000000fba80000)
  from space 33280K, 23% used [0x00000000fdd00000,0x00000000fe4b8090,0x00000000ffd80000)
  to   space 34304K, 0% used [0x00000000fba80000,0x00000000fba80000,0x00000000fdc00000)
 ParOldGen       total 184320K, used 118708K [0x00000000e0000000, 0x00000000eb400000, 0x00000000f5580000)
  object space 184320K, 64% used [0x00000000e0000000,0x00000000e73ed3e0,0x00000000eb400000)
 Metaspace       used 69519K, capacity 74290K, committed 74624K, reserved 1114112K
  class space    used 9721K, capacity 10765K, committed 10880K, reserved 1048576K
}
Event: 28.902 GC heap before
{Heap before GC invocations=22 (full 3):
 PSYoungGen      total 136704K, used 111328K [0x00000000f5580000, 0x00000000ffd80000, 0x0000000100000000)
  eden space 103424K, 100% used [0x00000000f5580000,0x00000000fba80000,0x00000000fba80000)
  from space 33280K, 23% used [0x00000000fdd00000,0x00000000fe4b8090,0x00000000ffd80000)
  to   space 34304K, 0% used [0x00000000fba80000,0x00000000fba80000,0x00000000fdc00000)
 ParOldGen       total 184320K, used 118708K [0x00000000e0000000, 0x00000000eb400000, 0x00000000f5580000)
  object space 184320K, 64% used [0x00000000e0000000,0x00000000e73ed3e0,0x00000000eb400000)
 Metaspace       used 69520K, capacity 74290K, committed 74624K, reserved 1114112K
  class space    used 9722K, capacity 10765K, committed 10880K, reserved 1048576K
Event: 28.914 GC heap after
Heap after GC invocations=22 (full 3):
 PSYoungGen      total 137728K, used 7872K [0x00000000f5580000, 0x00000000fff00000, 0x0000000100000000)
  eden space 103424K, 0% used [0x00000000f5580000,0x00000000f5580000,0x00000000fba80000)
  from space 34304K, 22% used [0x00000000fba80000,0x00000000fc230030,0x00000000fdc00000)
  to   space 33280K, 0% used [0x00000000fde80000,0x00000000fde80000,0x00000000fff00000)
 ParOldGen       total 184320K, used 124493K [0x00000000e0000000, 0x00000000eb400000, 0x00000000f5580000)
  object space 184320K, 67% used [0x00000000e0000000,0x00000000e7993470,0x00000000eb400000)
 Metaspace       used 69520K, capacity 74290K, committed 74624K, reserved 1114112K
  class space    used 9722K, capacity 10765K, committed 10880K, reserved 1048576K
}
Event: 29.549 GC heap before
{Heap before GC invocations=23 (full 3):
 PSYoungGen      total 137728K, used 111296K [0x00000000f5580000, 0x00000000fff00000, 0x0000000100000000)
  eden space 103424K, 100% used [0x00000000f5580000,0x00000000fba80000,0x00000000fba80000)
  from space 34304K, 22% used [0x00000000fba80000,0x00000000fc230030,0x00000000fdc00000)
  to   space 33280K, 0% used [0x00000000fde80000,0x00000000fde80000,0x00000000fff00000)
 ParOldGen       total 184320K, used 124493K [0x00000000e0000000, 0x00000000eb400000, 0x00000000f5580000)
  object space 184320K, 67% used [0x00000000e0000000,0x00000000e7993470,0x00000000eb400000)
 Metaspace       used 69521K, capacity 74290K, committed 74624K, reserved 1114112K
  class space    used 9722K, capacity 10765K, committed 10880K, reserved 1048576K
Event: 29.560 GC heap after
Heap after GC invocations=23 (full 3):
 PSYoungGen      total 138240K, used 6912K [0x00000000f5580000, 0x00000000ffd00000, 0x0000000100000000)
  eden space 107008K, 0% used [0x00000000f5580000,0x00000000f5580000,0x00000000fbe00000)
  from space 31232K, 22% used [0x00000000fde80000,0x00000000fe540000,0x00000000ffd00000)
  to   space 32256K, 0% used [0x00000000fbe00000,0x00000000fbe00000,0x00000000fdd80000)
 ParOldGen       total 184320K, used 130277K [0x00000000e0000000, 0x00000000eb400000, 0x00000000f5580000)
  object space 184320K, 70% used [0x00000000e0000000,0x00000000e7f394a0,0x00000000eb400000)
 Metaspace       used 69521K, capacity 74290K, committed 74624K, reserved 1114112K
  class space    used 9722K, capacity 10765K, committed 10880K, reserved 1048576K
}

